#log# Automatic Logger file. *** THIS MUST BE THE FIRST LINE ***
#log# DO NOT CHANGE THIS LINE OR THE TWO BELOW -* coding: UTF-8 *-
#log# opts = Struct({'__allownew': True,
 'autocall': 2,
 'banner': 0,
 'colors': 'LightBG',
 'ipythondir': '/home/bade/.casa/ipython',
 'logfile': 'ipython-20201208-151937.log',
 'messages': 0,
 'prompt_in1': 'CASA <\\#>: '})
#log# args = []
#log# It is safe to make manual edits below here.
#log#-----------------------------------------------------------------------
execfile("/home/bade/packages/casa-release-4.7.0-1-el7/lib/python2.7/assignmentFilter.py")
tget(setjy)
inp()
help(setjy)
standard='manual'
inp()
exit()
